2018-03-07 17:22:43,733 [///] ERROR com.zxk.starter.VerticleHandlerFactory - 未知异常
java.lang.NullPointerException: null
	at com.zxk.starter.VerticleHandlerFactory.lambda$msgHandler$0(VerticleHandlerFactory.java:108)
	at io.vertx.core.eventbus.impl.HandlerRegistration.deliver(HandlerRegistration.java:212)
	at io.vertx.core.eventbus.impl.HandlerRegistration.handle(HandlerRegistration.java:191)
	at io.vertx.core.eventbus.impl.EventBusImpl.lambda$deliverToHandler$3(EventBusImpl.java:524)
	at io.vertx.core.impl.ContextImpl.lambda$wrapTask$2(ContextImpl.java:337)
	at io.netty.util.concurrent.AbstractEventExecutor.safeExecute(AbstractEventExecutor.java:163)
	at io.netty.util.concurrent.SingleThreadEventExecutor.runAllTasks(SingleThreadEventExecutor.java:403)
	at io.netty.channel.nio.NioEventLoop.run(NioEventLoop.java:445)
	at io.netty.util.concurrent.SingleThreadEventExecutor$5.run(SingleThreadEventExecutor.java:858)
	at java.lang.Thread.run(Thread.java:745)
2018-03-07 17:24:49,991 [///] ERROR com.zxk.starter.VerticleHandlerFactory - 未知异常
java.lang.NullPointerException: null
	at com.zxk.starter.VerticleHandlerFactory.lambda$msgHandler$0(VerticleHandlerFactory.java:108)
	at io.vertx.core.eventbus.impl.HandlerRegistration.deliver(HandlerRegistration.java:212)
	at io.vertx.core.eventbus.impl.HandlerRegistration.handle(HandlerRegistration.java:191)
	at io.vertx.core.eventbus.impl.EventBusImpl.lambda$deliverToHandler$3(EventBusImpl.java:524)
	at io.vertx.core.impl.ContextImpl.lambda$wrapTask$2(ContextImpl.java:337)
	at io.netty.util.concurrent.AbstractEventExecutor.safeExecute(AbstractEventExecutor.java:163)
	at io.netty.util.concurrent.SingleThreadEventExecutor.runAllTasks(SingleThreadEventExecutor.java:403)
	at io.netty.channel.nio.NioEventLoop.run(NioEventLoop.java:445)
	at io.netty.util.concurrent.SingleThreadEventExecutor$5.run(SingleThreadEventExecutor.java:858)
	at java.lang.Thread.run(Thread.java:745)
2018-03-07 17:25:51,468 [///] ERROR com.zxk.starter.VerticleHandlerFactory - 未知异常
java.lang.NullPointerException: null
	at com.zxk.starter.VerticleHandlerFactory.lambda$msgHandler$0(VerticleHandlerFactory.java:108)
	at io.vertx.core.eventbus.impl.HandlerRegistration.deliver(HandlerRegistration.java:212)
	at io.vertx.core.eventbus.impl.HandlerRegistration.handle(HandlerRegistration.java:191)
	at io.vertx.core.eventbus.impl.EventBusImpl.lambda$deliverToHandler$3(EventBusImpl.java:524)
	at io.vertx.core.impl.ContextImpl.lambda$wrapTask$2(ContextImpl.java:337)
	at io.netty.util.concurrent.AbstractEventExecutor.safeExecute(AbstractEventExecutor.java:163)
	at io.netty.util.concurrent.SingleThreadEventExecutor.runAllTasks(SingleThreadEventExecutor.java:403)
	at io.netty.channel.nio.NioEventLoop.run(NioEventLoop.java:445)
	at io.netty.util.concurrent.SingleThreadEventExecutor$5.run(SingleThreadEventExecutor.java:858)
	at java.lang.Thread.run(Thread.java:745)
2018-03-07 17:26:26,434 [///] ERROR com.zxk.starter.VerticleHandlerFactory - 未知异常
java.lang.NullPointerException: null
	at com.zxk.starter.VerticleHandlerFactory.lambda$msgHandler$0(VerticleHandlerFactory.java:108)
	at io.vertx.core.eventbus.impl.HandlerRegistration.deliver(HandlerRegistration.java:212)
	at io.vertx.core.eventbus.impl.HandlerRegistration.handle(HandlerRegistration.java:191)
	at io.vertx.core.eventbus.impl.EventBusImpl.lambda$deliverToHandler$3(EventBusImpl.java:524)
	at io.vertx.core.impl.ContextImpl.lambda$wrapTask$2(ContextImpl.java:337)
	at io.netty.util.concurrent.AbstractEventExecutor.safeExecute(AbstractEventExecutor.java:163)
	at io.netty.util.concurrent.SingleThreadEventExecutor.runAllTasks(SingleThreadEventExecutor.java:403)
	at io.netty.channel.nio.NioEventLoop.run(NioEventLoop.java:445)
	at io.netty.util.concurrent.SingleThreadEventExecutor$5.run(SingleThreadEventExecutor.java:858)
	at java.lang.Thread.run(Thread.java:745)
2018-03-07 17:27:05,935 [///] ERROR com.zxk.starter.VerticleHandlerFactory - 未知异常
java.lang.NullPointerException: null
	at com.zxk.starter.VerticleHandlerFactory.lambda$msgHandler$0(VerticleHandlerFactory.java:108)
	at io.vertx.core.eventbus.impl.HandlerRegistration.deliver(HandlerRegistration.java:212)
	at io.vertx.core.eventbus.impl.HandlerRegistration.handle(HandlerRegistration.java:191)
	at io.vertx.core.eventbus.impl.EventBusImpl.lambda$deliverToHandler$3(EventBusImpl.java:524)
	at io.vertx.core.impl.ContextImpl.lambda$wrapTask$2(ContextImpl.java:337)
	at io.netty.util.concurrent.AbstractEventExecutor.safeExecute(AbstractEventExecutor.java:163)
	at io.netty.util.concurrent.SingleThreadEventExecutor.runAllTasks(SingleThreadEventExecutor.java:403)
	at io.netty.channel.nio.NioEventLoop.run(NioEventLoop.java:445)
	at io.netty.util.concurrent.SingleThreadEventExecutor$5.run(SingleThreadEventExecutor.java:858)
	at java.lang.Thread.run(Thread.java:745)
2018-03-07 17:40:44,170 [///] ERROR com.zxk.starter.VerticleHandlerFactory - 未知异常
java.lang.ClassCastException: com.qudian.pay.account.api.dto.ResponseDTO cannot be cast to io.vertx.core.json.JsonObject
	at com.zxk.starter.VerticleHandlerFactory.lambda$msgHandler$0(VerticleHandlerFactory.java:109)
	at io.vertx.core.eventbus.impl.HandlerRegistration.deliver(HandlerRegistration.java:212)
	at io.vertx.core.eventbus.impl.HandlerRegistration.handle(HandlerRegistration.java:191)
	at io.vertx.core.eventbus.impl.EventBusImpl.lambda$deliverToHandler$3(EventBusImpl.java:524)
	at io.vertx.core.impl.ContextImpl.lambda$wrapTask$2(ContextImpl.java:337)
	at io.netty.util.concurrent.AbstractEventExecutor.safeExecute(AbstractEventExecutor.java:163)
	at io.netty.util.concurrent.SingleThreadEventExecutor.runAllTasks(SingleThreadEventExecutor.java:403)
	at io.netty.channel.nio.NioEventLoop.run(NioEventLoop.java:445)
	at io.netty.util.concurrent.SingleThreadEventExecutor$5.run(SingleThreadEventExecutor.java:858)
	at java.lang.Thread.run(Thread.java:745)
2018-03-07 17:46:29,650 [///] ERROR com.zxk.starter.VerticleHandlerFactory - 未知异常
io.vertx.core.json.DecodeException: Failed to decode: Can not instantiate value of type [map type; class java.util.LinkedHashMap, [simple type, class java.lang.Object] -> [simple type, class java.lang.Object]] from String value ('com.qudian.pay.account.api.dto.ResponseDTO@772a3092[code=001000,msg=userId:用户ID不能为空,isSync=<null>,businessLine=<null>,extJson=<null>]'); no single-String constructor/factory method
 at [Source: "com.qudian.pay.account.api.dto.ResponseDTO@772a3092[code=001000,msg=userId:用户ID不能为空,isSync=<null>,businessLine=<null>,extJson=<null>]"; line: 1, column: 1]
	at io.vertx.core.json.Json.decodeValue(Json.java:123)
	at io.vertx.core.json.JsonObject.fromJson(JsonObject.java:950)
	at io.vertx.core.json.JsonObject.<init>(JsonObject.java:53)
	at com.zxk.starter.VerticleHandlerFactory.lambda$msgHandler$0(VerticleHandlerFactory.java:111)
	at io.vertx.core.eventbus.impl.HandlerRegistration.deliver(HandlerRegistration.java:212)
	at io.vertx.core.eventbus.impl.HandlerRegistration.handle(HandlerRegistration.java:191)
	at io.vertx.core.eventbus.impl.EventBusImpl.lambda$deliverToHandler$3(EventBusImpl.java:524)
	at io.vertx.core.impl.ContextImpl.lambda$wrapTask$2(ContextImpl.java:337)
	at io.netty.util.concurrent.AbstractEventExecutor.safeExecute(AbstractEventExecutor.java:163)
	at io.netty.util.concurrent.SingleThreadEventExecutor.runAllTasks(SingleThreadEventExecutor.java:403)
	at io.netty.channel.nio.NioEventLoop.run(NioEventLoop.java:445)
	at io.netty.util.concurrent.SingleThreadEventExecutor$5.run(SingleThreadEventExecutor.java:858)
	at java.lang.Thread.run(Thread.java:745)
2018-03-07 20:42:48,019 [///] ERROR com.zxk.starter.VerticleHandlerFactory - 未知异常
java.lang.ClassCastException: io.vertx.core.json.JsonObject cannot be cast to com.zxk.starter.CommandReq
	at com.zxk.starter.CommandReq.buildCommand(CommandReq.java:33)
	at com.zxk.starter.VerticleHandlerFactory.lambda$msgHandler$0(VerticleHandlerFactory.java:104)
	at io.vertx.core.eventbus.impl.HandlerRegistration.deliver(HandlerRegistration.java:212)
	at io.vertx.core.eventbus.impl.HandlerRegistration.handle(HandlerRegistration.java:191)
	at io.vertx.core.eventbus.impl.EventBusImpl.lambda$deliverToHandler$3(EventBusImpl.java:524)
	at io.vertx.core.impl.ContextImpl.lambda$wrapTask$2(ContextImpl.java:337)
	at io.netty.util.concurrent.AbstractEventExecutor.safeExecute(AbstractEventExecutor.java:163)
	at io.netty.util.concurrent.SingleThreadEventExecutor.runAllTasks(SingleThreadEventExecutor.java:403)
	at io.netty.channel.nio.NioEventLoop.run(NioEventLoop.java:445)
	at io.netty.util.concurrent.SingleThreadEventExecutor$5.run(SingleThreadEventExecutor.java:858)
	at java.lang.Thread.run(Thread.java:745)
2018-03-07 20:46:24,779 [///] ERROR com.zxk.starter.VerticleHandlerFactory - 未知异常
java.lang.NullPointerException: null
	at com.zxk.starter.VerticleHandlerFactory.lambda$msgHandler$0(VerticleHandlerFactory.java:107)
	at io.vertx.core.eventbus.impl.HandlerRegistration.deliver(HandlerRegistration.java:212)
	at io.vertx.core.eventbus.impl.HandlerRegistration.handle(HandlerRegistration.java:191)
	at io.vertx.core.eventbus.impl.EventBusImpl.lambda$deliverToHandler$3(EventBusImpl.java:524)
	at io.vertx.core.impl.ContextImpl.lambda$wrapTask$2(ContextImpl.java:337)
	at io.netty.util.concurrent.AbstractEventExecutor.safeExecute(AbstractEventExecutor.java:163)
	at io.netty.util.concurrent.SingleThreadEventExecutor.runAllTasks(SingleThreadEventExecutor.java:403)
	at io.netty.channel.nio.NioEventLoop.run(NioEventLoop.java:445)
	at io.netty.util.concurrent.SingleThreadEventExecutor$5.run(SingleThreadEventExecutor.java:858)
	at java.lang.Thread.run(Thread.java:745)
2018-03-07 20:47:29,319 [///] ERROR com.zxk.starter.VerticleHandlerFactory - 未知异常
java.lang.NullPointerException: null
	at com.zxk.starter.VerticleHandlerFactory.lambda$msgHandler$0(VerticleHandlerFactory.java:107)
	at io.vertx.core.eventbus.impl.HandlerRegistration.deliver(HandlerRegistration.java:212)
	at io.vertx.core.eventbus.impl.HandlerRegistration.handle(HandlerRegistration.java:191)
	at io.vertx.core.eventbus.impl.EventBusImpl.lambda$deliverToHandler$3(EventBusImpl.java:524)
	at io.vertx.core.impl.ContextImpl.lambda$wrapTask$2(ContextImpl.java:337)
	at io.netty.util.concurrent.AbstractEventExecutor.safeExecute(AbstractEventExecutor.java:163)
	at io.netty.util.concurrent.SingleThreadEventExecutor.runAllTasks(SingleThreadEventExecutor.java:403)
	at io.netty.channel.nio.NioEventLoop.run(NioEventLoop.java:445)
	at io.netty.util.concurrent.SingleThreadEventExecutor$5.run(SingleThreadEventExecutor.java:858)
	at java.lang.Thread.run(Thread.java:745)
2018-03-07 20:48:57,352 [///] ERROR com.zxk.starter.VerticleHandlerFactory - 未知异常
java.lang.NullPointerException: null
	at com.zxk.starter.VerticleHandlerFactory.lambda$msgHandler$0(VerticleHandlerFactory.java:107)
	at io.vertx.core.eventbus.impl.HandlerRegistration.deliver(HandlerRegistration.java:212)
	at io.vertx.core.eventbus.impl.HandlerRegistration.handle(HandlerRegistration.java:191)
	at io.vertx.core.eventbus.impl.EventBusImpl.lambda$deliverToHandler$3(EventBusImpl.java:524)
	at io.vertx.core.impl.ContextImpl.lambda$wrapTask$2(ContextImpl.java:337)
	at io.netty.util.concurrent.AbstractEventExecutor.safeExecute(AbstractEventExecutor.java:163)
	at io.netty.util.concurrent.SingleThreadEventExecutor.runAllTasks(SingleThreadEventExecutor.java:403)
	at io.netty.channel.nio.NioEventLoop.run(NioEventLoop.java:445)
	at io.netty.util.concurrent.SingleThreadEventExecutor$5.run(SingleThreadEventExecutor.java:858)
	at java.lang.Thread.run(Thread.java:745)
2018-03-07 20:50:07,068 [///] ERROR com.zxk.starter.VerticleHandlerFactory - 未知异常
java.lang.NullPointerException: null
	at com.zxk.starter.VerticleHandlerFactory.lambda$msgHandler$0(VerticleHandlerFactory.java:107)
	at io.vertx.core.eventbus.impl.HandlerRegistration.deliver(HandlerRegistration.java:212)
	at io.vertx.core.eventbus.impl.HandlerRegistration.handle(HandlerRegistration.java:191)
	at io.vertx.core.eventbus.impl.EventBusImpl.lambda$deliverToHandler$3(EventBusImpl.java:524)
	at io.vertx.core.impl.ContextImpl.lambda$wrapTask$2(ContextImpl.java:337)
	at io.netty.util.concurrent.AbstractEventExecutor.safeExecute(AbstractEventExecutor.java:163)
	at io.netty.util.concurrent.SingleThreadEventExecutor.runAllTasks(SingleThreadEventExecutor.java:403)
	at io.netty.channel.nio.NioEventLoop.run(NioEventLoop.java:445)
	at io.netty.util.concurrent.SingleThreadEventExecutor$5.run(SingleThreadEventExecutor.java:858)
	at java.lang.Thread.run(Thread.java:745)
2018-03-07 20:51:52,429 [///] ERROR com.zxk.starter.VerticleHandlerFactory - 未知异常
java.lang.NullPointerException: null
	at com.zxk.starter.VerticleHandlerFactory.lambda$msgHandler$0(VerticleHandlerFactory.java:107)
	at io.vertx.core.eventbus.impl.HandlerRegistration.deliver(HandlerRegistration.java:212)
	at io.vertx.core.eventbus.impl.HandlerRegistration.handle(HandlerRegistration.java:191)
	at io.vertx.core.eventbus.impl.EventBusImpl.lambda$deliverToHandler$3(EventBusImpl.java:524)
	at io.vertx.core.impl.ContextImpl.lambda$wrapTask$2(ContextImpl.java:337)
	at io.netty.util.concurrent.AbstractEventExecutor.safeExecute(AbstractEventExecutor.java:163)
	at io.netty.util.concurrent.SingleThreadEventExecutor.runAllTasks(SingleThreadEventExecutor.java:403)
	at io.netty.channel.nio.NioEventLoop.run(NioEventLoop.java:445)
	at io.netty.util.concurrent.SingleThreadEventExecutor$5.run(SingleThreadEventExecutor.java:858)
	at java.lang.Thread.run(Thread.java:745)
